
  .   ____          _            __ _ _
 /\\ / ___'_ __ _ _(_)_ __  __ _ \ \ \ \
( ( )\___ | '_ | '_| | '_ \/ _` | \ \ \ \
 \\/  ___)| |_)| | | | | || (_| |  ) ) ) )
  '  |____| .__|_| |_|_| |_\__, | / / / /
 =========|_|==============|___/=/_/_/_/
 :: Spring Boot ::                (v3.1.6)

2026-03-03T18:01:35.961Z  INFO 1 --- [           main] c.e.b.BillingServiceApplication          : Starting BillingServiceApplication v0.0.1-SNAPSHOT using Java 17.0.18 with PID 1 (/app/app.jar started by root in /app)
2026-03-03T18:01:35.962Z  INFO 1 --- [           main] c.e.b.BillingServiceApplication          : No active profile set, falling back to 1 default profile: "default"
2026-03-03T18:01:36.714Z  INFO 1 --- [           main] o.a.k.clients.consumer.ConsumerConfig    : ConsumerConfig values: 
	allow.auto.create.topics = true
	auto.commit.interval.ms = 5000
	auto.include.jmx.reporter = true
	auto.offset.reset = earliest
	bootstrap.servers = [kafka:9092]
	check.crcs = true
	client.dns.lookup = use_all_dns_ips
	client.id = consumer-billing-service-1
	client.rack = 
	connections.max.idle.ms = 540000
	default.api.timeout.ms = 60000
	enable.auto.commit = false
	exclude.internal.topics = true
	fetch.max.bytes = 52428800
	fetch.max.wait.ms = 500
	fetch.min.bytes = 1
	group.id = billing-service
	group.instance.id = null
	heartbeat.interval.ms = 3000
	interceptor.classes = []
	internal.leave.group.on.close = true
	internal.throw.on.fetch.stable.offset.unsupported = false
	isolation.level = read_uncommitted
	key.deserializer = class org.apache.kafka.common.serialization.StringDeserializer
	max.partition.fetch.bytes = 1048576
	max.poll.interval.ms = 300000
	max.poll.records = 500
	metadata.max.age.ms = 300000
	metric.reporters = []
	metrics.num.samples = 2
	metrics.recording.level = INFO
	metrics.sample.window.ms = 30000
	partition.assignment.strategy = [class org.apache.kafka.clients.consumer.RangeAssignor, class org.apache.kafka.clients.consumer.CooperativeStickyAssignor]
	receive.buffer.bytes = 65536
	reconnect.backoff.max.ms = 1000
	reconnect.backoff.ms = 50
	request.timeout.ms = 30000
	retry.backoff.ms = 100
	sasl.client.callback.handler.class = null
	sasl.jaas.config = null
	sasl.kerberos.kinit.cmd = /usr/bin/kinit
	sasl.kerberos.min.time.before.relogin = 60000
	sasl.kerberos.service.name = null
	sasl.kerberos.ticket.renew.jitter = 0.05
	sasl.kerberos.ticket.renew.window.factor = 0.8
	sasl.login.callback.handler.class = null
	sasl.login.class = null
	sasl.login.connect.timeout.ms = null
	sasl.login.read.timeout.ms = null
	sasl.login.refresh.buffer.seconds = 300
	sasl.login.refresh.min.period.seconds = 60
	sasl.login.refresh.window.factor = 0.8
	sasl.login.refresh.window.jitter = 0.05
	sasl.login.retry.backoff.max.ms = 10000
	sasl.login.retry.backoff.ms = 100
	sasl.mechanism = GSSAPI
	sasl.oauthbearer.clock.skew.seconds = 30
	sasl.oauthbearer.expected.audience = null
	sasl.oauthbearer.expected.issuer = null
	sasl.oauthbearer.jwks.endpoint.refresh.ms = 3600000
	sasl.oauthbearer.jwks.endpoint.retry.backoff.max.ms = 10000
	sasl.oauthbearer.jwks.endpoint.retry.backoff.ms = 100
	sasl.oauthbearer.jwks.endpoint.url = null
	sasl.oauthbearer.scope.claim.name = scope
	sasl.oauthbearer.sub.claim.name = sub
	sasl.oauthbearer.token.endpoint.url = null
	security.protocol = PLAINTEXT
	security.providers = null
	send.buffer.bytes = 131072
	session.timeout.ms = 45000
	socket.connection.setup.timeout.max.ms = 30000
	socket.connection.setup.timeout.ms = 10000
	ssl.cipher.suites = null
	ssl.enabled.protocols = [TLSv1.2, TLSv1.3]
	ssl.endpoint.identification.algorithm = https
	ssl.engine.factory.class = null
	ssl.key.password = null
	ssl.keymanager.algorithm = SunX509
	ssl.keystore.certificate.chain = null
	ssl.keystore.key = null
	ssl.keystore.location = null
	ssl.keystore.password = null
	ssl.keystore.type = JKS
	ssl.protocol = TLSv1.3
	ssl.provider = null
	ssl.secure.random.implementation = null
	ssl.trustmanager.algorithm = PKIX
	ssl.truststore.certificates = null
	ssl.truststore.location = null
	ssl.truststore.password = null
	ssl.truststore.type = JKS
	value.deserializer = class org.apache.kafka.common.serialization.StringDeserializer

2026-03-03T18:01:36.822Z  INFO 1 --- [           main] o.a.kafka.common.utils.AppInfoParser     : Kafka version: 3.4.1
2026-03-03T18:01:36.824Z  INFO 1 --- [           main] o.a.kafka.common.utils.AppInfoParser     : Kafka commitId: 8a516edc2755df89
2026-03-03T18:01:36.824Z  INFO 1 --- [           main] o.a.kafka.common.utils.AppInfoParser     : Kafka startTimeMs: 1772560896822
2026-03-03T18:01:36.825Z  INFO 1 --- [           main] o.a.k.clients.consumer.KafkaConsumer     : [Consumer clientId=consumer-billing-service-1, groupId=billing-service] Subscribed to topic(s): order-topic
2026-03-03T18:01:36.859Z  INFO 1 --- [           main] c.e.b.BillingServiceApplication          : Started BillingServiceApplication in 1.302 seconds (process running for 1.647)
2026-03-03T18:01:37.020Z  INFO 1 --- [ntainer#0-0-C-1] org.apache.kafka.clients.NetworkClient   : [Consumer clientId=consumer-billing-service-1, groupId=billing-service] Node -1 disconnected.
2026-03-03T18:01:37.022Z  WARN 1 --- [ntainer#0-0-C-1] org.apache.kafka.clients.NetworkClient   : [Consumer clientId=consumer-billing-service-1, groupId=billing-service] Connection to node -1 (kafka/172.18.0.2:9092) could not be established. Broker may not be available.
2026-03-03T18:01:37.023Z  WARN 1 --- [ntainer#0-0-C-1] org.apache.kafka.clients.NetworkClient   : [Consumer clientId=consumer-billing-service-1, groupId=billing-service] Bootstrap broker kafka:9092 (id: -1 rack: null) disconnected
2026-03-03T18:01:37.123Z  INFO 1 --- [ntainer#0-0-C-1] org.apache.kafka.clients.NetworkClient   : [Consumer clientId=consumer-billing-service-1, groupId=billing-service] Node -1 disconnected.
2026-03-03T18:01:37.123Z  WARN 1 --- [ntainer#0-0-C-1] org.apache.kafka.clients.NetworkClient   : [Consumer clientId=consumer-billing-service-1, groupId=billing-service] Connection to node -1 (kafka/172.18.0.2:9092) could not be established. Broker may not be available.
2026-03-03T18:01:37.123Z  WARN 1 --- [ntainer#0-0-C-1] org.apache.kafka.clients.NetworkClient   : [Consumer clientId=consumer-billing-service-1, groupId=billing-service] Bootstrap broker kafka:9092 (id: -1 rack: null) disconnected
2026-03-03T18:01:37.276Z  INFO 1 --- [ntainer#0-0-C-1] org.apache.kafka.clients.NetworkClient   : [Consumer clientId=consumer-billing-service-1, groupId=billing-service] Node -1 disconnected.
2026-03-03T18:01:37.276Z  WARN 1 --- [ntainer#0-0-C-1] org.apache.kafka.clients.NetworkClient   : [Consumer clientId=consumer-billing-service-1, groupId=billing-service] Connection to node -1 (kafka/172.18.0.2:9092) could not be established. Broker may not be available.
2026-03-03T18:01:37.277Z  WARN 1 --- [ntainer#0-0-C-1] org.apache.kafka.clients.NetworkClient   : [Consumer clientId=consumer-billing-service-1, groupId=billing-service] Bootstrap broker kafka:9092 (id: -1 rack: null) disconnected
2026-03-03T18:01:37.477Z  INFO 1 --- [ntainer#0-0-C-1] org.apache.kafka.clients.NetworkClient   : [Consumer clientId=consumer-billing-service-1, groupId=billing-service] Node -1 disconnected.
2026-03-03T18:01:37.479Z  WARN 1 --- [ntainer#0-0-C-1] org.apache.kafka.clients.NetworkClient   : [Consumer clientId=consumer-billing-service-1, groupId=billing-service] Connection to node -1 (kafka/172.18.0.2:9092) could not be established. Broker may not be available.
2026-03-03T18:01:37.480Z  WARN 1 --- [ntainer#0-0-C-1] org.apache.kafka.clients.NetworkClient   : [Consumer clientId=consumer-billing-service-1, groupId=billing-service] Bootstrap broker kafka:9092 (id: -1 rack: null) disconnected
2026-03-03T18:01:37.833Z  INFO 1 --- [ntainer#0-0-C-1] org.apache.kafka.clients.NetworkClient   : [Consumer clientId=consumer-billing-service-1, groupId=billing-service] Node -1 disconnected.
2026-03-03T18:01:37.833Z  WARN 1 --- [ntainer#0-0-C-1] org.apache.kafka.clients.NetworkClient   : [Consumer clientId=consumer-billing-service-1, groupId=billing-service] Connection to node -1 (kafka/172.18.0.2:9092) could not be established. Broker may not be available.
2026-03-03T18:01:37.833Z  WARN 1 --- [ntainer#0-0-C-1] org.apache.kafka.clients.NetworkClient   : [Consumer clientId=consumer-billing-service-1, groupId=billing-service] Bootstrap broker kafka:9092 (id: -1 rack: null) disconnected
2026-03-03T18:01:38.547Z  INFO 1 --- [ntainer#0-0-C-1] org.apache.kafka.clients.NetworkClient   : [Consumer clientId=consumer-billing-service-1, groupId=billing-service] Node -1 disconnected.
2026-03-03T18:01:38.547Z  WARN 1 --- [ntainer#0-0-C-1] org.apache.kafka.clients.NetworkClient   : [Consumer clientId=consumer-billing-service-1, groupId=billing-service] Connection to node -1 (kafka/172.18.0.2:9092) could not be established. Broker may not be available.
2026-03-03T18:01:38.547Z  WARN 1 --- [ntainer#0-0-C-1] org.apache.kafka.clients.NetworkClient   : [Consumer clientId=consumer-billing-service-1, groupId=billing-service] Bootstrap broker kafka:9092 (id: -1 rack: null) disconnected
2026-03-03T18:01:39.696Z  INFO 1 --- [ntainer#0-0-C-1] org.apache.kafka.clients.Metadata        : [Consumer clientId=consumer-billing-service-1, groupId=billing-service] Resetting the last seen epoch of partition order-topic-0 to 12 since the associated topicId changed from null to L09kNPfkT2-LfHQVfzhv_Q
2026-03-03T18:01:39.697Z  INFO 1 --- [ntainer#0-0-C-1] org.apache.kafka.clients.Metadata        : [Consumer clientId=consumer-billing-service-1, groupId=billing-service] Resetting the last seen epoch of partition order-topic-2 to 12 since the associated topicId changed from null to L09kNPfkT2-LfHQVfzhv_Q
2026-03-03T18:01:39.697Z  INFO 1 --- [ntainer#0-0-C-1] org.apache.kafka.clients.Metadata        : [Consumer clientId=consumer-billing-service-1, groupId=billing-service] Resetting the last seen epoch of partition order-topic-1 to 12 since the associated topicId changed from null to L09kNPfkT2-LfHQVfzhv_Q
2026-03-03T18:01:39.697Z  INFO 1 --- [ntainer#0-0-C-1] org.apache.kafka.clients.Metadata        : [Consumer clientId=consumer-billing-service-1, groupId=billing-service] Cluster ID: OjxnNqlQQUGW8DXnTlxgOA
2026-03-03T18:01:39.699Z  INFO 1 --- [ntainer#0-0-C-1] o.a.k.c.c.internals.ConsumerCoordinator  : [Consumer clientId=consumer-billing-service-1, groupId=billing-service] Discovered group coordinator kafka:9092 (id: 2147483646 rack: null)
2026-03-03T18:01:39.700Z  INFO 1 --- [ntainer#0-0-C-1] o.a.k.c.c.internals.ConsumerCoordinator  : [Consumer clientId=consumer-billing-service-1, groupId=billing-service] (Re-)joining group
2026-03-03T18:01:39.704Z  INFO 1 --- [ntainer#0-0-C-1] o.a.k.c.c.internals.ConsumerCoordinator  : [Consumer clientId=consumer-billing-service-1, groupId=billing-service] Request joining group due to: need to re-join with the given member-id: consumer-billing-service-1-ee03a01f-23b4-4393-9dd1-8f8e98312982
2026-03-03T18:01:39.704Z  INFO 1 --- [ntainer#0-0-C-1] o.a.k.c.c.internals.ConsumerCoordinator  : [Consumer clientId=consumer-billing-service-1, groupId=billing-service] Request joining group due to: rebalance failed due to 'The group member needs to have a valid member id before actually entering a consumer group.' (MemberIdRequiredException)
2026-03-03T18:01:39.704Z  INFO 1 --- [ntainer#0-0-C-1] o.a.k.c.c.internals.ConsumerCoordinator  : [Consumer clientId=consumer-billing-service-1, groupId=billing-service] (Re-)joining group
2026-03-03T18:01:42.709Z  INFO 1 --- [ntainer#0-0-C-1] o.a.k.c.c.internals.ConsumerCoordinator  : [Consumer clientId=consumer-billing-service-1, groupId=billing-service] Successfully joined group with generation Generation{generationId=1, memberId='consumer-billing-service-1-ee03a01f-23b4-4393-9dd1-8f8e98312982', protocol='range'}
2026-03-03T18:01:42.710Z  INFO 1 --- [ntainer#0-0-C-1] o.a.k.c.c.internals.ConsumerCoordinator  : [Consumer clientId=consumer-billing-service-1, groupId=billing-service] Finished assignment for group at generation 1: {consumer-billing-service-1-ee03a01f-23b4-4393-9dd1-8f8e98312982=Assignment(partitions=[order-topic-0, order-topic-1, order-topic-2])}
2026-03-03T18:01:42.716Z  INFO 1 --- [ntainer#0-0-C-1] o.a.k.c.c.internals.ConsumerCoordinator  : [Consumer clientId=consumer-billing-service-1, groupId=billing-service] Successfully synced group in generation Generation{generationId=1, memberId='consumer-billing-service-1-ee03a01f-23b4-4393-9dd1-8f8e98312982', protocol='range'}
2026-03-03T18:01:42.716Z  INFO 1 --- [ntainer#0-0-C-1] o.a.k.c.c.internals.ConsumerCoordinator  : [Consumer clientId=consumer-billing-service-1, groupId=billing-service] Notifying assignor about the new Assignment(partitions=[order-topic-0, order-topic-1, order-topic-2])
2026-03-03T18:01:42.718Z  INFO 1 --- [ntainer#0-0-C-1] o.a.k.c.c.internals.ConsumerCoordinator  : [Consumer clientId=consumer-billing-service-1, groupId=billing-service] Adding newly assigned partitions: order-topic-0, order-topic-1, order-topic-2
2026-03-03T18:01:42.722Z  INFO 1 --- [ntainer#0-0-C-1] o.a.k.c.c.internals.ConsumerCoordinator  : [Consumer clientId=consumer-billing-service-1, groupId=billing-service] Found no committed offset for partition order-topic-0
2026-03-03T18:01:42.722Z  INFO 1 --- [ntainer#0-0-C-1] o.a.k.c.c.internals.ConsumerCoordinator  : [Consumer clientId=consumer-billing-service-1, groupId=billing-service] Found no committed offset for partition order-topic-1
2026-03-03T18:01:42.722Z  INFO 1 --- [ntainer#0-0-C-1] o.a.k.c.c.internals.ConsumerCoordinator  : [Consumer clientId=consumer-billing-service-1, groupId=billing-service] Found no committed offset for partition order-topic-2
2026-03-03T18:01:42.725Z  INFO 1 --- [ntainer#0-0-C-1] o.a.k.c.c.internals.SubscriptionState    : [Consumer clientId=consumer-billing-service-1, groupId=billing-service] Resetting offset for partition order-topic-0 to position FetchPosition{offset=0, offsetEpoch=Optional.empty, currentLeader=LeaderAndEpoch{leader=Optional[kafka:9092 (id: 1 rack: null)], epoch=12}}.
2026-03-03T18:01:42.726Z  INFO 1 --- [ntainer#0-0-C-1] o.a.k.c.c.internals.SubscriptionState    : [Consumer clientId=consumer-billing-service-1, groupId=billing-service] Resetting offset for partition order-topic-1 to position FetchPosition{offset=0, offsetEpoch=Optional.empty, currentLeader=LeaderAndEpoch{leader=Optional[kafka:9092 (id: 1 rack: null)], epoch=12}}.
2026-03-03T18:01:42.726Z  INFO 1 --- [ntainer#0-0-C-1] o.a.k.c.c.internals.SubscriptionState    : [Consumer clientId=consumer-billing-service-1, groupId=billing-service] Resetting offset for partition order-topic-2 to position FetchPosition{offset=0, offsetEpoch=Optional.empty, currentLeader=LeaderAndEpoch{leader=Optional[kafka:9092 (id: 1 rack: null)], epoch=12}}.
2026-03-03T18:01:42.726Z  INFO 1 --- [ntainer#0-0-C-1] o.s.k.l.KafkaMessageListenerContainer    : billing-service: partitions assigned: [order-topic-0, order-topic-1, order-topic-2]
[Billing] Received order event: {"orderId":"ORD-1001","item":"Laptop","quantity":1}
[Billing] Received order event: {"orderId":"ORD-1002","item":"Mouse","quantity":2}
[Billing] Received order event: {"orderId":"TEST-1","item":"Pen","quantity":1}
[Billing] Received order event: {"orderId":"ORD-1003","item":"Keyboard","quantity":1}
[Billing] Received order event: orderId:ORD-1006
[Billing] Received order event: {"orderId":"ORD-1007","item":"Headset","quantity":1}
[Billing] Received order event: {"orderId":"ORD-1008","item":"Microphone","quantity":1}
[Billing] Received order event: {"orderId":"ORD-1009","item":"Camera","quantity":1}
[Billing] Received order event: {"orderId":"ORD-XXXX","item":"Test","quantity":1}
[Billing] Received order event: {"orderId":"ORD-POST-1","sku":"SKU-ABC","quantity":2}
