[2026-03-03 18:01:39,339] INFO [Partition __consumer_offsets-39 broker=1] No checkpointed highwatermark is found for partition __consumer_offsets-39 (kafka.cluster.Partition)
[2026-03-03 18:01:39,339] INFO [Partition __consumer_offsets-39 broker=1] Log loaded for partition __consumer_offsets-39 with initial high watermark 0 (kafka.cluster.Partition)
[2026-03-03 18:01:39,339] INFO [Broker id=1] Leader __consumer_offsets-39 with topic id Some(INUNawQpTheBp4cT1Zav5g) starts at leader epoch 0 from offset 0 with partition epoch 0, high watermark 0, ISR [1], adding replicas [] and removing replicas []. Previous leader epoch was -1. (state.change.logger)
[2026-03-03 18:01:39,340] INFO [Broker id=1] Creating new partition __consumer_offsets-6 with topic id INUNawQpTheBp4cT1Zav5g. (state.change.logger)
[2026-03-03 18:01:39,341] INFO [LogLoader partition=__consumer_offsets-6, dir=/var/lib/kafka/data] Loading producer state till offset 0 with message format version 2 (kafka.log.UnifiedLog$)
[2026-03-03 18:01:39,341] INFO Created log for partition __consumer_offsets-6 in /var/lib/kafka/data/__consumer_offsets-6 with properties {cleanup.policy=compact, compression.type="producer", segment.bytes=104857600} (kafka.log.LogManager)
[2026-03-03 18:01:39,341] INFO [Partition __consumer_offsets-6 broker=1] No checkpointed highwatermark is found for partition __consumer_offsets-6 (kafka.cluster.Partition)
[2026-03-03 18:01:39,341] INFO [Partition __consumer_offsets-6 broker=1] Log loaded for partition __consumer_offsets-6 with initial high watermark 0 (kafka.cluster.Partition)
[2026-03-03 18:01:39,341] INFO [Broker id=1] Leader __consumer_offsets-6 with topic id Some(INUNawQpTheBp4cT1Zav5g) starts at leader epoch 0 from offset 0 with partition epoch 0, high watermark 0, ISR [1], adding replicas [] and removing replicas []. Previous leader epoch was -1. (state.change.logger)
[2026-03-03 18:01:39,342] INFO [Broker id=1] Creating new partition __consumer_offsets-35 with topic id INUNawQpTheBp4cT1Zav5g. (state.change.logger)
[2026-03-03 18:01:39,343] INFO [LogLoader partition=__consumer_offsets-35, dir=/var/lib/kafka/data] Loading producer state till offset 0 with message format version 2 (kafka.log.UnifiedLog$)
[2026-03-03 18:01:39,343] INFO Created log for partition __consumer_offsets-35 in /var/lib/kafka/data/__consumer_offsets-35 with properties {cleanup.policy=compact, compression.type="producer", segment.bytes=104857600} (kafka.log.LogManager)
[2026-03-03 18:01:39,343] INFO [Partition __consumer_offsets-35 broker=1] No checkpointed highwatermark is found for partition __consumer_offsets-35 (kafka.cluster.Partition)
[2026-03-03 18:01:39,343] INFO [Partition __consumer_offsets-35 broker=1] Log loaded for partition __consumer_offsets-35 with initial high watermark 0 (kafka.cluster.Partition)
[2026-03-03 18:01:39,343] INFO [Broker id=1] Leader __consumer_offsets-35 with topic id Some(INUNawQpTheBp4cT1Zav5g) starts at leader epoch 0 from offset 0 with partition epoch 0, high watermark 0, ISR [1], adding replicas [] and removing replicas []. Previous leader epoch was -1. (state.change.logger)
[2026-03-03 18:01:39,345] INFO [Broker id=1] Creating new partition __consumer_offsets-2 with topic id INUNawQpTheBp4cT1Zav5g. (state.change.logger)
[2026-03-03 18:01:39,345] INFO [LogLoader partition=__consumer_offsets-2, dir=/var/lib/kafka/data] Loading producer state till offset 0 with message format version 2 (kafka.log.UnifiedLog$)
[2026-03-03 18:01:39,346] INFO Created log for partition __consumer_offsets-2 in /var/lib/kafka/data/__consumer_offsets-2 with properties {cleanup.policy=compact, compression.type="producer", segment.bytes=104857600} (kafka.log.LogManager)
[2026-03-03 18:01:39,346] INFO [Partition __consumer_offsets-2 broker=1] No checkpointed highwatermark is found for partition __consumer_offsets-2 (kafka.cluster.Partition)
[2026-03-03 18:01:39,346] INFO [Partition __consumer_offsets-2 broker=1] Log loaded for partition __consumer_offsets-2 with initial high watermark 0 (kafka.cluster.Partition)
[2026-03-03 18:01:39,346] INFO [Broker id=1] Leader __consumer_offsets-2 with topic id Some(INUNawQpTheBp4cT1Zav5g) starts at leader epoch 0 from offset 0 with partition epoch 0, high watermark 0, ISR [1], adding replicas [] and removing replicas []. Previous leader epoch was -1. (state.change.logger)
[2026-03-03 18:01:39,348] INFO [GroupCoordinator 1]: Elected as the group coordinator for partition 13 in epoch 0 (kafka.coordinator.group.GroupCoordinator)
[2026-03-03 18:01:39,348] INFO [GroupMetadataManager brokerId=1] Scheduling loading of offsets and group metadata from __consumer_offsets-13 for epoch 0 (kafka.coordinator.group.GroupMetadataManager)
[2026-03-03 18:01:39,348] INFO [GroupCoordinator 1]: Elected as the group coordinator for partition 46 in epoch 0 (kafka.coordinator.group.GroupCoordinator)
[2026-03-03 18:01:39,349] INFO [GroupMetadataManager brokerId=1] Scheduling loading of offsets and group metadata from __consumer_offsets-46 for epoch 0 (kafka.coordinator.group.GroupMetadataManager)
[2026-03-03 18:01:39,349] INFO [GroupCoordinator 1]: Elected as the group coordinator for partition 9 in epoch 0 (kafka.coordinator.group.GroupCoordinator)
[2026-03-03 18:01:39,349] INFO [GroupMetadataManager brokerId=1] Scheduling loading of offsets and group metadata from __consumer_offsets-9 for epoch 0 (kafka.coordinator.group.GroupMetadataManager)
[2026-03-03 18:01:39,349] INFO [GroupCoordinator 1]: Elected as the group coordinator for partition 42 in epoch 0 (kafka.coordinator.group.GroupCoordinator)
[2026-03-03 18:01:39,349] INFO [GroupMetadataManager brokerId=1] Scheduling loading of offsets and group metadata from __consumer_offsets-42 for epoch 0 (kafka.coordinator.group.GroupMetadataManager)
[2026-03-03 18:01:39,349] INFO [GroupCoordinator 1]: Elected as the group coordinator for partition 21 in epoch 0 (kafka.coordinator.group.GroupCoordinator)
[2026-03-03 18:01:39,349] INFO [GroupMetadataManager brokerId=1] Scheduling loading of offsets and group metadata from __consumer_offsets-21 for epoch 0 (kafka.coordinator.group.GroupMetadataManager)
[2026-03-03 18:01:39,349] INFO [GroupCoordinator 1]: Elected as the group coordinator for partition 17 in epoch 0 (kafka.coordinator.group.GroupCoordinator)
[2026-03-03 18:01:39,349] INFO [GroupMetadataManager brokerId=1] Scheduling loading of offsets and group metadata from __consumer_offsets-17 for epoch 0 (kafka.coordinator.group.GroupMetadataManager)
[2026-03-03 18:01:39,349] INFO [GroupCoordinator 1]: Elected as the group coordinator for partition 30 in epoch 0 (kafka.coordinator.group.GroupCoordinator)
[2026-03-03 18:01:39,349] INFO [GroupMetadataManager brokerId=1] Scheduling loading of offsets and group metadata from __consumer_offsets-30 for epoch 0 (kafka.coordinator.group.GroupMetadataManager)
[2026-03-03 18:01:39,349] INFO [GroupCoordinator 1]: Elected as the group coordinator for partition 26 in epoch 0 (kafka.coordinator.group.GroupCoordinator)
[2026-03-03 18:01:39,349] INFO [GroupMetadataManager brokerId=1] Scheduling loading of offsets and group metadata from __consumer_offsets-26 for epoch 0 (kafka.coordinator.group.GroupMetadataManager)
[2026-03-03 18:01:39,349] INFO [GroupCoordinator 1]: Elected as the group coordinator for partition 5 in epoch 0 (kafka.coordinator.group.GroupCoordinator)
[2026-03-03 18:01:39,349] INFO [GroupMetadataManager brokerId=1] Scheduling loading of offsets and group metadata from __consumer_offsets-5 for epoch 0 (kafka.coordinator.group.GroupMetadataManager)
[2026-03-03 18:01:39,349] INFO [GroupCoordinator 1]: Elected as the group coordinator for partition 38 in epoch 0 (kafka.coordinator.group.GroupCoordinator)
[2026-03-03 18:01:39,349] INFO [GroupMetadataManager brokerId=1] Scheduling loading of offsets and group metadata from __consumer_offsets-38 for epoch 0 (kafka.coordinator.group.GroupMetadataManager)
[2026-03-03 18:01:39,349] INFO [GroupCoordinator 1]: Elected as the group coordinator for partition 1 in epoch 0 (kafka.coordinator.group.GroupCoordinator)
[2026-03-03 18:01:39,349] INFO [GroupMetadataManager brokerId=1] Scheduling loading of offsets and group metadata from __consumer_offsets-1 for epoch 0 (kafka.coordinator.group.GroupMetadataManager)
[2026-03-03 18:01:39,349] INFO [GroupCoordinator 1]: Elected as the group coordinator for partition 34 in epoch 0 (kafka.coordinator.group.GroupCoordinator)
[2026-03-03 18:01:39,349] INFO [GroupMetadataManager brokerId=1] Scheduling loading of offsets and group metadata from __consumer_offsets-34 for epoch 0 (kafka.coordinator.group.GroupMetadataManager)
[2026-03-03 18:01:39,349] INFO [GroupCoordinator 1]: Elected as the group coordinator for partition 16 in epoch 0 (kafka.coordinator.group.GroupCoordinator)
[2026-03-03 18:01:39,349] INFO [GroupMetadataManager brokerId=1] Scheduling loading of offsets and group metadata from __consumer_offsets-16 for epoch 0 (kafka.coordinator.group.GroupMetadataManager)
[2026-03-03 18:01:39,349] INFO [GroupCoordinator 1]: Elected as the group coordinator for partition 45 in epoch 0 (kafka.coordinator.group.GroupCoordinator)
[2026-03-03 18:01:39,349] INFO [GroupMetadataManager brokerId=1] Scheduling loading of offsets and group metadata from __consumer_offsets-45 for epoch 0 (kafka.coordinator.group.GroupMetadataManager)
[2026-03-03 18:01:39,349] INFO [GroupCoordinator 1]: Elected as the group coordinator for partition 12 in epoch 0 (kafka.coordinator.group.GroupCoordinator)
[2026-03-03 18:01:39,349] INFO [GroupMetadataManager brokerId=1] Scheduling loading of offsets and group metadata from __consumer_offsets-12 for epoch 0 (kafka.coordinator.group.GroupMetadataManager)
[2026-03-03 18:01:39,349] INFO [GroupCoordinator 1]: Elected as the group coordinator for partition 41 in epoch 0 (kafka.coordinator.group.GroupCoordinator)
[2026-03-03 18:01:39,349] INFO [GroupMetadataManager brokerId=1] Scheduling loading of offsets and group metadata from __consumer_offsets-41 for epoch 0 (kafka.coordinator.group.GroupMetadataManager)
[2026-03-03 18:01:39,349] INFO [GroupCoordinator 1]: Elected as the group coordinator for partition 24 in epoch 0 (kafka.coordinator.group.GroupCoordinator)
[2026-03-03 18:01:39,349] INFO [GroupMetadataManager brokerId=1] Scheduling loading of offsets and group metadata from __consumer_offsets-24 for epoch 0 (kafka.coordinator.group.GroupMetadataManager)
[2026-03-03 18:01:39,349] INFO [GroupCoordinator 1]: Elected as the group coordinator for partition 20 in epoch 0 (kafka.coordinator.group.GroupCoordinator)
[2026-03-03 18:01:39,349] INFO [GroupMetadataManager brokerId=1] Scheduling loading of offsets and group metadata from __consumer_offsets-20 for epoch 0 (kafka.coordinator.group.GroupMetadataManager)
[2026-03-03 18:01:39,349] INFO [GroupCoordinator 1]: Elected as the group coordinator for partition 49 in epoch 0 (kafka.coordinator.group.GroupCoordinator)
[2026-03-03 18:01:39,349] INFO [GroupMetadataManager brokerId=1] Scheduling loading of offsets and group metadata from __consumer_offsets-49 for epoch 0 (kafka.coordinator.group.GroupMetadataManager)
[2026-03-03 18:01:39,349] INFO [GroupCoordinator 1]: Elected as the group coordinator for partition 0 in epoch 0 (kafka.coordinator.group.GroupCoordinator)
[2026-03-03 18:01:39,349] INFO [GroupMetadataManager brokerId=1] Scheduling loading of offsets and group metadata from __consumer_offsets-0 for epoch 0 (kafka.coordinator.group.GroupMetadataManager)
[2026-03-03 18:01:39,349] INFO [GroupCoordinator 1]: Elected as the group coordinator for partition 29 in epoch 0 (kafka.coordinator.group.GroupCoordinator)
[2026-03-03 18:01:39,349] INFO [GroupMetadataManager brokerId=1] Scheduling loading of offsets and group metadata from __consumer_offsets-29 for epoch 0 (kafka.coordinator.group.GroupMetadataManager)
[2026-03-03 18:01:39,349] INFO [GroupCoordinator 1]: Elected as the group coordinator for partition 25 in epoch 0 (kafka.coordinator.group.GroupCoordinator)
[2026-03-03 18:01:39,349] INFO [GroupMetadataManager brokerId=1] Scheduling loading of offsets and group metadata from __consumer_offsets-25 for epoch 0 (kafka.coordinator.group.GroupMetadataManager)
[2026-03-03 18:01:39,349] INFO [GroupCoordinator 1]: Elected as the group coordinator for partition 8 in epoch 0 (kafka.coordinator.group.GroupCoordinator)
[2026-03-03 18:01:39,349] INFO [GroupMetadataManager brokerId=1] Scheduling loading of offsets and group metadata from __consumer_offsets-8 for epoch 0 (kafka.coordinator.group.GroupMetadataManager)
[2026-03-03 18:01:39,349] INFO [GroupCoordinator 1]: Elected as the group coordinator for partition 37 in epoch 0 (kafka.coordinator.group.GroupCoordinator)
[2026-03-03 18:01:39,349] INFO [GroupMetadataManager brokerId=1] Scheduling loading of offsets and group metadata from __consumer_offsets-37 for epoch 0 (kafka.coordinator.group.GroupMetadataManager)
[2026-03-03 18:01:39,349] INFO [GroupCoordinator 1]: Elected as the group coordinator for partition 4 in epoch 0 (kafka.coordinator.group.GroupCoordinator)
[2026-03-03 18:01:39,349] INFO [GroupMetadataManager brokerId=1] Scheduling loading of offsets and group metadata from __consumer_offsets-4 for epoch 0 (kafka.coordinator.group.GroupMetadataManager)
[2026-03-03 18:01:39,349] INFO [GroupCoordinator 1]: Elected as the group coordinator for partition 33 in epoch 0 (kafka.coordinator.group.GroupCoordinator)
[2026-03-03 18:01:39,349] INFO [GroupMetadataManager brokerId=1] Scheduling loading of offsets and group metadata from __consumer_offsets-33 for epoch 0 (kafka.coordinator.group.GroupMetadataManager)
[2026-03-03 18:01:39,349] INFO [GroupCoordinator 1]: Elected as the group coordinator for partition 15 in epoch 0 (kafka.coordinator.group.GroupCoordinator)
[2026-03-03 18:01:39,349] INFO [GroupMetadataManager brokerId=1] Scheduling loading of offsets and group metadata from __consumer_offsets-15 for epoch 0 (kafka.coordinator.group.GroupMetadataManager)
[2026-03-03 18:01:39,349] INFO [GroupCoordinator 1]: Elected as the group coordinator for partition 48 in epoch 0 (kafka.coordinator.group.GroupCoordinator)
[2026-03-03 18:01:39,349] INFO [GroupMetadataManager brokerId=1] Scheduling loading of offsets and group metadata from __consumer_offsets-48 for epoch 0 (kafka.coordinator.group.GroupMetadataManager)
[2026-03-03 18:01:39,349] INFO [GroupCoordinator 1]: Elected as the group coordinator for partition 11 in epoch 0 (kafka.coordinator.group.GroupCoordinator)
[2026-03-03 18:01:39,349] INFO [GroupMetadataManager brokerId=1] Scheduling loading of offsets and group metadata from __consumer_offsets-11 for epoch 0 (kafka.coordinator.group.GroupMetadataManager)
[2026-03-03 18:01:39,350] INFO [GroupCoordinator 1]: Elected as the group coordinator for partition 44 in epoch 0 (kafka.coordinator.group.GroupCoordinator)
[2026-03-03 18:01:39,350] INFO [GroupMetadataManager brokerId=1] Scheduling loading of offsets and group metadata from __consumer_offsets-44 for epoch 0 (kafka.coordinator.group.GroupMetadataManager)
[2026-03-03 18:01:39,350] INFO [GroupCoordinator 1]: Elected as the group coordinator for partition 23 in epoch 0 (kafka.coordinator.group.GroupCoordinator)
[2026-03-03 18:01:39,350] INFO [GroupMetadataManager brokerId=1] Scheduling loading of offsets and group metadata from __consumer_offsets-23 for epoch 0 (kafka.coordinator.group.GroupMetadataManager)
[2026-03-03 18:01:39,350] INFO [GroupCoordinator 1]: Elected as the group coordinator for partition 19 in epoch 0 (kafka.coordinator.group.GroupCoordinator)
[2026-03-03 18:01:39,350] INFO [GroupMetadataManager brokerId=1] Scheduling loading of offsets and group metadata from __consumer_offsets-19 for epoch 0 (kafka.coordinator.group.GroupMetadataManager)
[2026-03-03 18:01:39,350] INFO [GroupCoordinator 1]: Elected as the group coordinator for partition 32 in epoch 0 (kafka.coordinator.group.GroupCoordinator)
[2026-03-03 18:01:39,350] INFO [GroupMetadataManager brokerId=1] Scheduling loading of offsets and group metadata from __consumer_offsets-32 for epoch 0 (kafka.coordinator.group.GroupMetadataManager)
[2026-03-03 18:01:39,350] INFO [GroupCoordinator 1]: Elected as the group coordinator for partition 28 in epoch 0 (kafka.coordinator.group.GroupCoordinator)
[2026-03-03 18:01:39,350] INFO [GroupMetadataManager brokerId=1] Scheduling loading of offsets and group metadata from __consumer_offsets-28 for epoch 0 (kafka.coordinator.group.GroupMetadataManager)
[2026-03-03 18:01:39,350] INFO [GroupCoordinator 1]: Elected as the group coordinator for partition 7 in epoch 0 (kafka.coordinator.group.GroupCoordinator)
[2026-03-03 18:01:39,350] INFO [GroupMetadataManager brokerId=1] Scheduling loading of offsets and group metadata from __consumer_offsets-7 for epoch 0 (kafka.coordinator.group.GroupMetadataManager)
[2026-03-03 18:01:39,350] INFO [GroupCoordinator 1]: Elected as the group coordinator for partition 40 in epoch 0 (kafka.coordinator.group.GroupCoordinator)
[2026-03-03 18:01:39,350] INFO [GroupMetadataManager brokerId=1] Scheduling loading of offsets and group metadata from __consumer_offsets-40 for epoch 0 (kafka.coordinator.group.GroupMetadataManager)
[2026-03-03 18:01:39,350] INFO [GroupCoordinator 1]: Elected as the group coordinator for partition 3 in epoch 0 (kafka.coordinator.group.GroupCoordinator)
[2026-03-03 18:01:39,350] INFO [GroupMetadataManager brokerId=1] Scheduling loading of offsets and group metadata from __consumer_offsets-3 for epoch 0 (kafka.coordinator.group.GroupMetadataManager)
[2026-03-03 18:01:39,350] INFO [GroupCoordinator 1]: Elected as the group coordinator for partition 36 in epoch 0 (kafka.coordinator.group.GroupCoordinator)
[2026-03-03 18:01:39,350] INFO [GroupMetadataManager brokerId=1] Scheduling loading of offsets and group metadata from __consumer_offsets-36 for epoch 0 (kafka.coordinator.group.GroupMetadataManager)
[2026-03-03 18:01:39,350] INFO [GroupCoordinator 1]: Elected as the group coordinator for partition 47 in epoch 0 (kafka.coordinator.group.GroupCoordinator)
[2026-03-03 18:01:39,350] INFO [GroupMetadataManager brokerId=1] Scheduling loading of offsets and group metadata from __consumer_offsets-47 for epoch 0 (kafka.coordinator.group.GroupMetadataManager)
[2026-03-03 18:01:39,350] INFO [GroupCoordinator 1]: Elected as the group coordinator for partition 14 in epoch 0 (kafka.coordinator.group.GroupCoordinator)
[2026-03-03 18:01:39,350] INFO [GroupMetadataManager brokerId=1] Scheduling loading of offsets and group metadata from __consumer_offsets-14 for epoch 0 (kafka.coordinator.group.GroupMetadataManager)
[2026-03-03 18:01:39,350] INFO [GroupCoordinator 1]: Elected as the group coordinator for partition 43 in epoch 0 (kafka.coordinator.group.GroupCoordinator)
[2026-03-03 18:01:39,350] INFO [GroupMetadataManager brokerId=1] Scheduling loading of offsets and group metadata from __consumer_offsets-43 for epoch 0 (kafka.coordinator.group.GroupMetadataManager)
[2026-03-03 18:01:39,350] INFO [GroupCoordinator 1]: Elected as the group coordinator for partition 10 in epoch 0 (kafka.coordinator.group.GroupCoordinator)
[2026-03-03 18:01:39,350] INFO [GroupMetadataManager brokerId=1] Scheduling loading of offsets and group metadata from __consumer_offsets-10 for epoch 0 (kafka.coordinator.group.GroupMetadataManager)
[2026-03-03 18:01:39,350] INFO [GroupCoordinator 1]: Elected as the group coordinator for partition 22 in epoch 0 (kafka.coordinator.group.GroupCoordinator)
[2026-03-03 18:01:39,350] INFO [GroupMetadataManager brokerId=1] Scheduling loading of offsets and group metadata from __consumer_offsets-22 for epoch 0 (kafka.coordinator.group.GroupMetadataManager)
[2026-03-03 18:01:39,350] INFO [GroupCoordinator 1]: Elected as the group coordinator for partition 18 in epoch 0 (kafka.coordinator.group.GroupCoordinator)
[2026-03-03 18:01:39,350] INFO [GroupMetadataManager brokerId=1] Scheduling loading of offsets and group metadata from __consumer_offsets-18 for epoch 0 (kafka.coordinator.group.GroupMetadataManager)
[2026-03-03 18:01:39,350] INFO [GroupCoordinator 1]: Elected as the group coordinator for partition 31 in epoch 0 (kafka.coordinator.group.GroupCoordinator)
[2026-03-03 18:01:39,350] INFO [GroupMetadataManager brokerId=1] Scheduling loading of offsets and group metadata from __consumer_offsets-31 for epoch 0 (kafka.coordinator.group.GroupMetadataManager)
[2026-03-03 18:01:39,350] INFO [GroupCoordinator 1]: Elected as the group coordinator for partition 27 in epoch 0 (kafka.coordinator.group.GroupCoordinator)
[2026-03-03 18:01:39,350] INFO [GroupMetadataManager brokerId=1] Scheduling loading of offsets and group metadata from __consumer_offsets-27 for epoch 0 (kafka.coordinator.group.GroupMetadataManager)
[2026-03-03 18:01:39,350] INFO [GroupCoordinator 1]: Elected as the group coordinator for partition 39 in epoch 0 (kafka.coordinator.group.GroupCoordinator)
[2026-03-03 18:01:39,350] INFO [GroupMetadataManager brokerId=1] Scheduling loading of offsets and group metadata from __consumer_offsets-39 for epoch 0 (kafka.coordinator.group.GroupMetadataManager)
[2026-03-03 18:01:39,350] INFO [GroupCoordinator 1]: Elected as the group coordinator for partition 6 in epoch 0 (kafka.coordinator.group.GroupCoordinator)
[2026-03-03 18:01:39,350] INFO [GroupMetadataManager brokerId=1] Scheduling loading of offsets and group metadata from __consumer_offsets-6 for epoch 0 (kafka.coordinator.group.GroupMetadataManager)
[2026-03-03 18:01:39,350] INFO [GroupCoordinator 1]: Elected as the group coordinator for partition 35 in epoch 0 (kafka.coordinator.group.GroupCoordinator)
[2026-03-03 18:01:39,350] INFO [GroupMetadataManager brokerId=1] Scheduling loading of offsets and group metadata from __consumer_offsets-35 for epoch 0 (kafka.coordinator.group.GroupMetadataManager)
[2026-03-03 18:01:39,350] INFO [GroupCoordinator 1]: Elected as the group coordinator for partition 2 in epoch 0 (kafka.coordinator.group.GroupCoordinator)
[2026-03-03 18:01:39,350] INFO [GroupMetadataManager brokerId=1] Scheduling loading of offsets and group metadata from __consumer_offsets-2 for epoch 0 (kafka.coordinator.group.GroupMetadataManager)
[2026-03-03 18:01:39,351] INFO [DynamicConfigPublisher nodeType=broker id=1] Updating topic __consumer_offsets with new configuration : compression.type -> producer,cleanup.policy -> compact,segment.bytes -> 104857600 (kafka.server.metadata.DynamicConfigPublisher)
[2026-03-03 18:01:39,350] INFO [GroupMetadataManager brokerId=1] Finished loading offsets and group metadata from __consumer_offsets-13 in 2 milliseconds for epoch 0, of which 1 milliseconds was spent in the scheduler. (kafka.coordinator.group.GroupMetadataManager)
[2026-03-03 18:01:39,351] INFO [GroupMetadataManager brokerId=1] Finished loading offsets and group metadata from __consumer_offsets-46 in 2 milliseconds for epoch 0, of which 2 milliseconds was spent in the scheduler. (kafka.coordinator.group.GroupMetadataManager)
[2026-03-03 18:01:39,351] INFO [GroupMetadataManager brokerId=1] Finished loading offsets and group metadata from __consumer_offsets-9 in 2 milliseconds for epoch 0, of which 2 milliseconds was spent in the scheduler. (kafka.coordinator.group.GroupMetadataManager)
[2026-03-03 18:01:39,351] INFO [GroupMetadataManager brokerId=1] Finished loading offsets and group metadata from __consumer_offsets-42 in 2 milliseconds for epoch 0, of which 2 milliseconds was spent in the scheduler. (kafka.coordinator.group.GroupMetadataManager)
[2026-03-03 18:01:39,351] INFO [GroupMetadataManager brokerId=1] Finished loading offsets and group metadata from __consumer_offsets-21 in 2 milliseconds for epoch 0, of which 2 milliseconds was spent in the scheduler. (kafka.coordinator.group.GroupMetadataManager)
[2026-03-03 18:01:39,351] INFO [GroupMetadataManager brokerId=1] Finished loading offsets and group metadata from __consumer_offsets-17 in 2 milliseconds for epoch 0, of which 2 milliseconds was spent in the scheduler. (kafka.coordinator.group.GroupMetadataManager)
[2026-03-03 18:01:39,351] INFO [GroupMetadataManager brokerId=1] Finished loading offsets and group metadata from __consumer_offsets-30 in 2 milliseconds for epoch 0, of which 2 milliseconds was spent in the scheduler. (kafka.coordinator.group.GroupMetadataManager)
[2026-03-03 18:01:39,351] INFO [GroupMetadataManager brokerId=1] Finished loading offsets and group metadata from __consumer_offsets-26 in 2 milliseconds for epoch 0, of which 2 milliseconds was spent in the scheduler. (kafka.coordinator.group.GroupMetadataManager)
[2026-03-03 18:01:39,351] INFO [GroupMetadataManager brokerId=1] Finished loading offsets and group metadata from __consumer_offsets-5 in 2 milliseconds for epoch 0, of which 2 milliseconds was spent in the scheduler. (kafka.coordinator.group.GroupMetadataManager)
[2026-03-03 18:01:39,351] INFO [GroupMetadataManager brokerId=1] Finished loading offsets and group metadata from __consumer_offsets-38 in 2 milliseconds for epoch 0, of which 2 milliseconds was spent in the scheduler. (kafka.coordinator.group.GroupMetadataManager)
[2026-03-03 18:01:39,351] INFO [GroupMetadataManager brokerId=1] Finished loading offsets and group metadata from __consumer_offsets-1 in 2 milliseconds for epoch 0, of which 2 milliseconds was spent in the scheduler. (kafka.coordinator.group.GroupMetadataManager)
[2026-03-03 18:01:39,351] INFO [GroupMetadataManager brokerId=1] Finished loading offsets and group metadata from __consumer_offsets-34 in 2 milliseconds for epoch 0, of which 2 milliseconds was spent in the scheduler. (kafka.coordinator.group.GroupMetadataManager)
[2026-03-03 18:01:39,352] INFO [GroupMetadataManager brokerId=1] Finished loading offsets and group metadata from __consumer_offsets-16 in 2 milliseconds for epoch 0, of which 2 milliseconds was spent in the scheduler. (kafka.coordinator.group.GroupMetadataManager)
[2026-03-03 18:01:39,352] INFO [GroupMetadataManager brokerId=1] Finished loading offsets and group metadata from __consumer_offsets-45 in 3 milliseconds for epoch 0, of which 3 milliseconds was spent in the scheduler. (kafka.coordinator.group.GroupMetadataManager)
[2026-03-03 18:01:39,352] INFO [GroupMetadataManager brokerId=1] Finished loading offsets and group metadata from __consumer_offsets-12 in 3 milliseconds for epoch 0, of which 3 milliseconds was spent in the scheduler. (kafka.coordinator.group.GroupMetadataManager)
[2026-03-03 18:01:39,352] INFO [GroupMetadataManager brokerId=1] Finished loading offsets and group metadata from __consumer_offsets-41 in 3 milliseconds for epoch 0, of which 3 milliseconds was spent in the scheduler. (kafka.coordinator.group.GroupMetadataManager)
[2026-03-03 18:01:39,352] INFO [GroupMetadataManager brokerId=1] Finished loading offsets and group metadata from __consumer_offsets-24 in 3 milliseconds for epoch 0, of which 3 milliseconds was spent in the scheduler. (kafka.coordinator.group.GroupMetadataManager)
[2026-03-03 18:01:39,352] INFO [GroupMetadataManager brokerId=1] Finished loading offsets and group metadata from __consumer_offsets-20 in 3 milliseconds for epoch 0, of which 3 milliseconds was spent in the scheduler. (kafka.coordinator.group.GroupMetadataManager)
[2026-03-03 18:01:39,352] INFO [GroupMetadataManager brokerId=1] Finished loading offsets and group metadata from __consumer_offsets-49 in 3 milliseconds for epoch 0, of which 3 milliseconds was spent in the scheduler. (kafka.coordinator.group.GroupMetadataManager)
[2026-03-03 18:01:39,352] INFO [GroupMetadataManager brokerId=1] Finished loading offsets and group metadata from __consumer_offsets-0 in 3 milliseconds for epoch 0, of which 3 milliseconds was spent in the scheduler. (kafka.coordinator.group.GroupMetadataManager)
[2026-03-03 18:01:39,352] INFO [GroupMetadataManager brokerId=1] Finished loading offsets and group metadata from __consumer_offsets-29 in 3 milliseconds for epoch 0, of which 3 milliseconds was spent in the scheduler. (kafka.coordinator.group.GroupMetadataManager)
[2026-03-03 18:01:39,352] INFO [GroupMetadataManager brokerId=1] Finished loading offsets and group metadata from __consumer_offsets-25 in 3 milliseconds for epoch 0, of which 3 milliseconds was spent in the scheduler. (kafka.coordinator.group.GroupMetadataManager)
[2026-03-03 18:01:39,352] INFO [GroupMetadataManager brokerId=1] Finished loading offsets and group metadata from __consumer_offsets-8 in 3 milliseconds for epoch 0, of which 3 milliseconds was spent in the scheduler. (kafka.coordinator.group.GroupMetadataManager)
[2026-03-03 18:01:39,352] INFO [GroupMetadataManager brokerId=1] Finished loading offsets and group metadata from __consumer_offsets-37 in 3 milliseconds for epoch 0, of which 3 milliseconds was spent in the scheduler. (kafka.coordinator.group.GroupMetadataManager)
[2026-03-03 18:01:39,352] INFO [GroupMetadataManager brokerId=1] Finished loading offsets and group metadata from __consumer_offsets-4 in 3 milliseconds for epoch 0, of which 3 milliseconds was spent in the scheduler. (kafka.coordinator.group.GroupMetadataManager)
[2026-03-03 18:01:39,352] INFO [GroupMetadataManager brokerId=1] Finished loading offsets and group metadata from __consumer_offsets-33 in 3 milliseconds for epoch 0, of which 3 milliseconds was spent in the scheduler. (kafka.coordinator.group.GroupMetadataManager)
[2026-03-03 18:01:39,352] INFO [GroupMetadataManager brokerId=1] Finished loading offsets and group metadata from __consumer_offsets-15 in 3 milliseconds for epoch 0, of which 3 milliseconds was spent in the scheduler. (kafka.coordinator.group.GroupMetadataManager)
[2026-03-03 18:01:39,352] INFO [GroupMetadataManager brokerId=1] Finished loading offsets and group metadata from __consumer_offsets-48 in 3 milliseconds for epoch 0, of which 3 milliseconds was spent in the scheduler. (kafka.coordinator.group.GroupMetadataManager)
[2026-03-03 18:01:39,352] INFO [GroupMetadataManager brokerId=1] Finished loading offsets and group metadata from __consumer_offsets-11 in 3 milliseconds for epoch 0, of which 3 milliseconds was spent in the scheduler. (kafka.coordinator.group.GroupMetadataManager)
[2026-03-03 18:01:39,352] INFO [GroupMetadataManager brokerId=1] Finished loading offsets and group metadata from __consumer_offsets-44 in 2 milliseconds for epoch 0, of which 2 milliseconds was spent in the scheduler. (kafka.coordinator.group.GroupMetadataManager)
[2026-03-03 18:01:39,352] INFO [GroupMetadataManager brokerId=1] Finished loading offsets and group metadata from __consumer_offsets-23 in 2 milliseconds for epoch 0, of which 2 milliseconds was spent in the scheduler. (kafka.coordinator.group.GroupMetadataManager)
[2026-03-03 18:01:39,352] INFO [GroupMetadataManager brokerId=1] Finished loading offsets and group metadata from __consumer_offsets-19 in 2 milliseconds for epoch 0, of which 2 milliseconds was spent in the scheduler. (kafka.coordinator.group.GroupMetadataManager)
[2026-03-03 18:01:39,352] INFO [GroupMetadataManager brokerId=1] Finished loading offsets and group metadata from __consumer_offsets-32 in 2 milliseconds for epoch 0, of which 2 milliseconds was spent in the scheduler. (kafka.coordinator.group.GroupMetadataManager)
[2026-03-03 18:01:39,352] INFO [GroupMetadataManager brokerId=1] Finished loading offsets and group metadata from __consumer_offsets-28 in 2 milliseconds for epoch 0, of which 2 milliseconds was spent in the scheduler. (kafka.coordinator.group.GroupMetadataManager)
[2026-03-03 18:01:39,352] INFO [GroupMetadataManager brokerId=1] Finished loading offsets and group metadata from __consumer_offsets-7 in 2 milliseconds for epoch 0, of which 2 milliseconds was spent in the scheduler. (kafka.coordinator.group.GroupMetadataManager)
[2026-03-03 18:01:39,352] INFO [GroupMetadataManager brokerId=1] Finished loading offsets and group metadata from __consumer_offsets-40 in 2 milliseconds for epoch 0, of which 2 milliseconds was spent in the scheduler. (kafka.coordinator.group.GroupMetadataManager)
[2026-03-03 18:01:39,352] INFO [GroupMetadataManager brokerId=1] Finished loading offsets and group metadata from __consumer_offsets-3 in 2 milliseconds for epoch 0, of which 2 milliseconds was spent in the scheduler. (kafka.coordinator.group.GroupMetadataManager)
[2026-03-03 18:01:39,352] INFO [GroupMetadataManager brokerId=1] Finished loading offsets and group metadata from __consumer_offsets-36 in 2 milliseconds for epoch 0, of which 2 milliseconds was spent in the scheduler. (kafka.coordinator.group.GroupMetadataManager)
[2026-03-03 18:01:39,352] INFO [GroupMetadataManager brokerId=1] Finished loading offsets and group metadata from __consumer_offsets-47 in 2 milliseconds for epoch 0, of which 2 milliseconds was spent in the scheduler. (kafka.coordinator.group.GroupMetadataManager)
[2026-03-03 18:01:39,352] INFO [GroupMetadataManager brokerId=1] Finished loading offsets and group metadata from __consumer_offsets-14 in 2 milliseconds for epoch 0, of which 2 milliseconds was spent in the scheduler. (kafka.coordinator.group.GroupMetadataManager)
[2026-03-03 18:01:39,352] INFO [GroupMetadataManager brokerId=1] Finished loading offsets and group metadata from __consumer_offsets-43 in 2 milliseconds for epoch 0, of which 2 milliseconds was spent in the scheduler. (kafka.coordinator.group.GroupMetadataManager)
[2026-03-03 18:01:39,352] INFO [GroupMetadataManager brokerId=1] Finished loading offsets and group metadata from __consumer_offsets-10 in 2 milliseconds for epoch 0, of which 2 milliseconds was spent in the scheduler. (kafka.coordinator.group.GroupMetadataManager)
[2026-03-03 18:01:39,352] INFO [GroupMetadataManager brokerId=1] Finished loading offsets and group metadata from __consumer_offsets-22 in 2 milliseconds for epoch 0, of which 2 milliseconds was spent in the scheduler. (kafka.coordinator.group.GroupMetadataManager)
[2026-03-03 18:01:39,352] INFO [GroupMetadataManager brokerId=1] Finished loading offsets and group metadata from __consumer_offsets-18 in 2 milliseconds for epoch 0, of which 2 milliseconds was spent in the scheduler. (kafka.coordinator.group.GroupMetadataManager)
[2026-03-03 18:01:39,353] INFO [GroupMetadataManager brokerId=1] Finished loading offsets and group metadata from __consumer_offsets-31 in 3 milliseconds for epoch 0, of which 2 milliseconds was spent in the scheduler. (kafka.coordinator.group.GroupMetadataManager)
[2026-03-03 18:01:39,353] INFO [GroupMetadataManager brokerId=1] Finished loading offsets and group metadata from __consumer_offsets-27 in 3 milliseconds for epoch 0, of which 3 milliseconds was spent in the scheduler. (kafka.coordinator.group.GroupMetadataManager)
[2026-03-03 18:01:39,353] INFO [GroupMetadataManager brokerId=1] Finished loading offsets and group metadata from __consumer_offsets-39 in 3 milliseconds for epoch 0, of which 3 milliseconds was spent in the scheduler. (kafka.coordinator.group.GroupMetadataManager)
[2026-03-03 18:01:39,353] INFO [GroupMetadataManager brokerId=1] Finished loading offsets and group metadata from __consumer_offsets-6 in 3 milliseconds for epoch 0, of which 3 milliseconds was spent in the scheduler. (kafka.coordinator.group.GroupMetadataManager)
[2026-03-03 18:01:39,353] INFO [GroupMetadataManager brokerId=1] Finished loading offsets and group metadata from __consumer_offsets-35 in 3 milliseconds for epoch 0, of which 3 milliseconds was spent in the scheduler. (kafka.coordinator.group.GroupMetadataManager)
[2026-03-03 18:01:39,353] INFO [GroupMetadataManager brokerId=1] Finished loading offsets and group metadata from __consumer_offsets-2 in 3 milliseconds for epoch 0, of which 3 milliseconds was spent in the scheduler. (kafka.coordinator.group.GroupMetadataManager)
[2026-03-03 18:01:39,414] INFO [GroupCoordinator 1]: Dynamic member with unknown member id joins group inventory-service in Empty state. Created a new member id consumer-inventory-service-1-7284356b-0d89-421f-b90e-1b884424f6ce and request the member to rejoin with this id. (kafka.coordinator.group.GroupCoordinator)
[2026-03-03 18:01:39,424] INFO [GroupCoordinator 1]: Preparing to rebalance group inventory-service in state PreparingRebalance with old generation 0 (__consumer_offsets-14) (reason: Adding new member consumer-inventory-service-1-7284356b-0d89-421f-b90e-1b884424f6ce with group instance id None; client reason: rebalance failed due to MemberIdRequiredException) (kafka.coordinator.group.GroupCoordinator)
[2026-03-03 18:01:39,704] INFO [GroupCoordinator 1]: Dynamic member with unknown member id joins group billing-service in Empty state. Created a new member id consumer-billing-service-1-ee03a01f-23b4-4393-9dd1-8f8e98312982 and request the member to rejoin with this id. (kafka.coordinator.group.GroupCoordinator)
[2026-03-03 18:01:39,705] INFO [GroupCoordinator 1]: Preparing to rebalance group billing-service in state PreparingRebalance with old generation 0 (__consumer_offsets-39) (reason: Adding new member consumer-billing-service-1-ee03a01f-23b4-4393-9dd1-8f8e98312982 with group instance id None; client reason: rebalance failed due to MemberIdRequiredException) (kafka.coordinator.group.GroupCoordinator)
[2026-03-03 18:01:39,795] INFO [MetadataLoader 1] handleSnapshot: generated a metadata delta from a snapshot at offset 9716 in 17 us. (org.apache.kafka.image.loader.MetadataLoader)
[2026-03-03 18:01:40,299] INFO [MetadataLoader 1] handleSnapshot: generated a metadata delta from a snapshot at offset 9717 in 18 us. (org.apache.kafka.image.loader.MetadataLoader)
[2026-03-03 18:01:40,489] INFO [GroupCoordinator 1]: Dynamic member with unknown member id joins group schema-registry in Empty state. Created a new member id sr-1-f5331eb5-ca88-4652-bf26-dcd56e9ae69a and request the member to rejoin with this id. (kafka.coordinator.group.GroupCoordinator)
[2026-03-03 18:01:40,490] INFO [GroupCoordinator 1]: Preparing to rebalance group schema-registry in state PreparingRebalance with old generation 0 (__consumer_offsets-29) (reason: Adding new member sr-1-f5331eb5-ca88-4652-bf26-dcd56e9ae69a with group instance id None; client reason: rebalance failed due to MemberIdRequiredException) (kafka.coordinator.group.GroupCoordinator)
[2026-03-03 18:01:40,801] INFO [MetadataLoader 1] handleSnapshot: generated a metadata delta from a snapshot at offset 9718 in 24 us. (org.apache.kafka.image.loader.MetadataLoader)
[2026-03-03 18:01:41,302] INFO [MetadataLoader 1] handleSnapshot: generated a metadata delta from a snapshot at offset 9719 in 36 us. (org.apache.kafka.image.loader.MetadataLoader)
[2026-03-03 18:01:41,806] INFO [MetadataLoader 1] handleSnapshot: generated a metadata delta from a snapshot at offset 9720 in 42 us. (org.apache.kafka.image.loader.MetadataLoader)
[2026-03-03 18:01:42,308] INFO [MetadataLoader 1] handleSnapshot: generated a metadata delta from a snapshot at offset 9721 in 50 us. (org.apache.kafka.image.loader.MetadataLoader)
[2026-03-03 18:01:42,434] INFO [GroupCoordinator 1]: Stabilized group inventory-service generation 1 (__consumer_offsets-14) with 1 members (kafka.coordinator.group.GroupCoordinator)
[2026-03-03 18:01:42,446] INFO [GroupCoordinator 1]: Assignment received from leader consumer-inventory-service-1-7284356b-0d89-421f-b90e-1b884424f6ce for group inventory-service for generation 1. The group has 1 members, 0 of which are static. (kafka.coordinator.group.GroupCoordinator)
[2026-03-03 18:01:42,707] INFO [GroupCoordinator 1]: Stabilized group billing-service generation 1 (__consumer_offsets-39) with 1 members (kafka.coordinator.group.GroupCoordinator)
[2026-03-03 18:01:42,713] INFO [GroupCoordinator 1]: Assignment received from leader consumer-billing-service-1-ee03a01f-23b4-4393-9dd1-8f8e98312982 for group billing-service for generation 1. The group has 1 members, 0 of which are static. (kafka.coordinator.group.GroupCoordinator)
[2026-03-03 18:01:42,808] INFO [MetadataLoader 1] handleSnapshot: generated a metadata delta from a snapshot at offset 9722 in 11 us. (org.apache.kafka.image.loader.MetadataLoader)
[2026-03-03 18:01:43,310] INFO [MetadataLoader 1] handleSnapshot: generated a metadata delta from a snapshot at offset 9723 in 19 us. (org.apache.kafka.image.loader.MetadataLoader)
[2026-03-03 18:01:43,492] INFO [GroupCoordinator 1]: Stabilized group schema-registry generation 1 (__consumer_offsets-29) with 1 members (kafka.coordinator.group.GroupCoordinator)
[2026-03-03 18:01:43,505] INFO [GroupCoordinator 1]: Assignment received from leader sr-1-f5331eb5-ca88-4652-bf26-dcd56e9ae69a for group schema-registry for generation 1. The group has 1 members, 0 of which are static. (kafka.coordinator.group.GroupCoordinator)
[2026-03-03 18:01:43,812] INFO [MetadataLoader 1] handleSnapshot: generated a metadata delta from a snapshot at offset 9724 in 16 us. (org.apache.kafka.image.loader.MetadataLoader)
[2026-03-03 18:01:44,319] INFO [MetadataLoader 1] handleSnapshot: generated a metadata delta from a snapshot at offset 9725 in 33 us. (org.apache.kafka.image.loader.MetadataLoader)
[2026-03-03 18:01:44,820] INFO [MetadataLoader 1] handleSnapshot: generated a metadata delta from a snapshot at offset 9726 in 38 us. (org.apache.kafka.image.loader.MetadataLoader)
[2026-03-03 18:01:45,322] INFO [MetadataLoader 1] handleSnapshot: generated a metadata delta from a snapshot at offset 9727 in 32 us. (org.apache.kafka.image.loader.MetadataLoader)
[2026-03-03 18:01:45,828] INFO [MetadataLoader 1] handleSnapshot: generated a metadata delta from a snapshot at offset 9728 in 36 us. (org.apache.kafka.image.loader.MetadataLoader)
[2026-03-03 18:01:46,328] INFO [MetadataLoader 1] handleSnapshot: generated a metadata delta from a snapshot at offset 9729 in 32 us. (org.apache.kafka.image.loader.MetadataLoader)
[2026-03-03 18:01:46,829] INFO [MetadataLoader 1] handleSnapshot: generated a metadata delta from a snapshot at offset 9730 in 61 us. (org.apache.kafka.image.loader.MetadataLoader)
[2026-03-03 18:01:47,331] INFO [MetadataLoader 1] handleSnapshot: generated a metadata delta from a snapshot at offset 9731 in 34 us. (org.apache.kafka.image.loader.MetadataLoader)
